==14209== Memcheck, a memory error detector
==14209== Copyright (C) 2002-2022, and GNU GPL'd, by Julian Seward et al.
==14209== Using Valgrind-3.22.0 and LibVEX; rerun with -h for copyright info
==14209== Command: ./checker 1 2 3
==14209== Parent PID: 553
==14209== 
==14209== 
==14209== HEAP SUMMARY:
==14209==     in use at exit: 1 bytes in 1 blocks
==14209==   total heap usage: 15 allocs, 14 frees, 1,123 bytes allocated
==14209== 
==14209== 1 bytes in 1 blocks are still reachable in loss record 1 of 1
==14209==    at 0x4846828: malloc (in /usr/libexec/valgrind/vgpreload_memcheck-amd64-linux.so)
==14209==    by 0x1098FD: ft_strdupp (in /home/hamza/Desktop/SWAPO/checker)
==14209==    by 0x109AFC: ft_substrr (in /home/hamza/Desktop/SWAPO/checker)
==14209==    by 0x1096B8: ft_handle (in /home/hamza/Desktop/SWAPO/checker)
==14209==    by 0x109865: get_next_line (in /home/hamza/Desktop/SWAPO/checker)
==14209==    by 0x10954D: main (in /home/hamza/Desktop/SWAPO/checker)
==14209== 
==14209== LEAK SUMMARY:
==14209==    definitely lost: 0 bytes in 0 blocks
==14209==    indirectly lost: 0 bytes in 0 blocks
==14209==      possibly lost: 0 bytes in 0 blocks
==14209==    still reachable: 1 bytes in 1 blocks
==14209==         suppressed: 0 bytes in 0 blocks
==14209== 
==14209== For lists of detected and suppressed errors, rerun with: -s
==14209== ERROR SUMMARY: 0 errors from 0 contexts (suppressed: 0 from 0)
